GET /api/contacts 12-05-2023_02:41:11
GET /api/contacts/qdggE76Jtbfd9eWJHrssH 12-05-2023_02:41:28
GET /api/contacts 12-05-2023_02:42:54
GET /api/contacts/AeHIrLTr6JkxGE6SN-0R 12-05-2023_04:07:19
GET /api/contacts 12-05-2023_04:08:19
GET /api/contacts/654534 12-05-2023_04:08:27
GET /api/contacts/AeHIrLTr6JkxGE6SN-0Rw 12-05-2023_04:08:40
GET /api/contacts/AeHIrLTr6JkxGE6SN-0R 12-05-2023_04:21:01
GET /api/contacts/AeHIrLTr6JkxGE6SN-0Rw 12-05-2023_04:21:07
GET /api/contacts/AeHIrLTr6JkxGE6SN-0Rw 12-05-2023_04:21:19
GET /api/contacts/AeHIrLTr6JkxGE6SN-0Rw 12-05-2023_04:21:43
POST /api/contacts 12-05-2023_06:17:51
POST /api/contacts 12-05-2023_06:20:38
POST /api/contacts 12-05-2023_06:22:47
POST /api/contacts 12-05-2023_06:38:10
POST /api/contacts 12-05-2023_06:39:44
POST /api/contacts 12-05-2023_06:42:48
POST /api/contacts 12-05-2023_06:43:25
POST /api/contacts 12-05-2023_06:44:33
POST /api/contacts 12-05-2023_06:50:12
POST /api/contacts 12-05-2023_06:50:37
POST /api/contacts 12-05-2023_06:55:16
POST /api/contacts 12-05-2023_06:55:44
POST /api/contacts 12-05-2023_06:57:13
POST /api/contacts 12-05-2023_06:57:55
POST /api/contacts 12-05-2023_06:57:59
POST /api/contacts 12-05-2023_06:58:10
POST /api/contacts 12-05-2023_07:03:02
POST /api/contacts 12-05-2023_07:05:50
POST /api/contacts 12-05-2023_07:10:30
POST /api/contacts 12-05-2023_07:10:32
POST /api/contacts 12-05-2023_07:10:33
POST /api/contacts 12-05-2023_07:11:51
POST /api/contacts 12-05-2023_07:11:53
POST /api/contacts 12-05-2023_07:17:46
POST /api/contacts 12-05-2023_07:19:53
POST /api/contacts/ 12-05-2023_07:20:36
POST /api/contacts/ 12-05-2023_07:20:38
POST /api/contacts/ 12-05-2023_07:20:39
POST /api/contacts/ 12-05-2023_07:20:45
POST /api/contacts/ 12-05-2023_07:20:54
POST /api/contacts/ 12-05-2023_07:22:36
POST /api/contacts/ 12-05-2023_07:25:46
POST /api/contacts/ 12-05-2023_07:26:34
POST /api/contacts/ 12-05-2023_07:27:10
POST /api/contacts/ 12-05-2023_07:28:41
POST /api/contacts/ 12-05-2023_07:29:02
POST /api/contacts/ 12-05-2023_07:30:03
POST /api/contacts/ 12-05-2023_07:34:04
POST /api/contacts/ 12-05-2023_07:34:19
POST /api/contacts/ 12-05-2023_07:35:59
POST /api/contacts/ 12-05-2023_08:23:42
POST /api/contacts/ 12-05-2023_08:23:56
POST /api/contacts/ 12-05-2023_08:25:59
POST /api/contacts/ 12-05-2023_08:26:06
POST /api/contacts/ 12-05-2023_08:27:59
POST /api/contacts/ 12-05-2023_08:30:28
POST /api/contacts/ 12-05-2023_08:30:30
GET /api/contacts/AeHIrLTr6JkxGE6SN-0Rw 12-05-2023_08:33:50
GET /api/contacts/AeHIrLTr6JkxGE6SN-0R 12-05-2023_08:33:54
GET /api/contacts/AeHIrLTr6JkxGE6SN-0R 12-05-2023_08:35:27
GET /api/contacts/AeHIrLTr6JkxGE6SN-0R 12-05-2023_08:36:21
GET /api/contacts/AeHIrLTr6JkxGE6SN-0R 12-05-2023_08:39:27
GET /api/contacts/AeHIrLTr6JkxGE6SN-0R 12-05-2023_08:40:52
GET /api/contacts/AeHIrLTr6JkxGE6SN-0R 12-05-2023_08:42:05
GET /api/contacts/AeHIrLTr6JkxGE6SN-0R 12-05-2023_08:44:08
GET /api/contacts/AeHIrLTr6JkxGE6SN-0R 12-05-2023_08:49:09
GET /api/contacts/AeHIrLTr6JkxGE6SN-0R 12-05-2023_08:49:57
GET /api/contacts/AeHIrLTr6JkxGE6SN-0R 12-05-2023_08:50:11
GET /api/contacts/AeHIrLTr6JkxGE6SN-0R 12-05-2023_08:50:13
GET /api/contacts/AeHIrLTr6JkxGE6SN-0R 12-05-2023_08:51:43
POST /api/contacts/ 12-05-2023_08:53:12
GET /api/contacts 12-05-2023_08:53:24
POST /api/contacts/ 12-05-2023_08:53:41
DELETE /api/contacts/_dUhui8xjCbVolavXCj9T 12-05-2023_09:07:01
DELETE /api/contacts/cBpkh4WydaQ0hEkMU8x8J 12-05-2023_09:08:11
GET /api/contacts 12-05-2023_09:11:56
PUT /api/contacts/7zMgNFikECQmKuiQT65yx 12-05-2023_09:14:52
PUT /api/contacts/mjT28Jh1Eu7dyEGQJJ8Zb 12-05-2023_09:23:08
PUT /api/contacts/mjT28Jh1Eu7dyEGQJJ8Zb 12-05-2023_09:27:05
GET /api/contacts 13-05-2023_12:14:34
DELETE /api/contacts/mjT28Jh1Eu7dyEGQJJ8Zb 13-05-2023_12:15:57
DELETE /api/contacts/mjD8uDy06KeeUPjsfvHbX9 13-05-2023_12:16:23
DELETE /api/contacts/mjD8uDy06KeeUPjsfvHbX9h 13-05-2023_12:16:31
DELETE /api/contacts/mjD8uDy06KeeUPjsfvHbX9h 13-05-2023_12:16:50
DELETE /api/contacts/mjD8uDy06KeeUPjsfvHbX9h 13-05-2023_12:16:56
DELETE /api/contacts/mjD8uDy06KeeUPjsfvHbX9h 13-05-2023_12:16:57
DELETE /api/contacts/mjD8uDy06KeeUPjsfvHbX9h 13-05-2023_12:16:58
DELETE /api/contacts/mjD8uDy06KeeUPjsfvHbX9h 13-05-2023_12:16:59
DELETE /api/contacts/D8uDy06KeeUPjsfvHbX9h 13-05-2023_12:18:15
PUT /api/contacts/mjLv2SdV3SnD9P-jhRpcnq 13-05-2023_12:19:31
PUT /api/contacts/mjLv2SdV3SnD9P-jhRpcnqy 13-05-2023_12:19:41
PUT /api/contacts/Lv2SdV3SnD9P-jhRpcnqy 13-05-2023_12:20:12
GET /api/contacts 13-05-2023_12:40:33
GET /api/contacts/Lv2SdV3SnD9P-jhRpcnqy 13-05-2023_12:40:55
GET /api/contacts/Lv2SdV3SnD9P-jhRpcnqy 13-05-2023_12:41:03
GET /api/contacts/w4_ZXfjME7eT96r4TgMuA 13-05-2023_12:41:19
GET /api/contacts 13-05-2023_01:24:06
GET /api/contacts/Lv2SdV3SnD9P-jhRpcnqy 13-05-2023_01:24:23
POST /api/contacts 13-05-2023_01:27:43
POST /api/contacts 13-05-2023_01:28:00
DELETE /api/contacts/bY-CtBK5m_efN5ARVXTnh 13-05-2023_01:31:00
DELETE /api/contacts/bY-CtBK5m_efN5ARVXTn 13-05-2023_01:31:18
PUT /api/contacts/Lv2SdV3SnD9P-jhRpcnqy 13-05-2023_01:32:39
PUT /api/contacts/Lv2SdV3SnD9P-jhRpcnqy 13-05-2023_01:36:55
PUT /api/contacts/Lv2SdV3SnD9P-jhRpcnq 13-05-2023_01:37:40
PUT /api/contacts/Lv2SdV3SnD9P-jhRpcnqy 13-05-2023_01:37:46
GET /api/contacts/Lv2SdV3SnD9P-jhRpcnqy 13-05-2023_01:39:36
GET /api/contacts 13-05-2023_01:39:43
GET /api/contacts 13-05-2023_02:21:00
DELETE /api/contacts/Lv2SdV3SnD9P-jhRpcnq 13-05-2023_02:21:57
DELETE /api/contacts/Lv2SdV3SnD9P-jhRpcnqy 13-05-2023_02:22:09
POST /api/contacts 13-05-2023_02:22:30
POST /api/contacts 13-05-2023_02:22:39
POST /api/contacts/ 13-05-2023_02:23:54
POST /api/contacts 13-05-2023_02:24:07
PUT /api/contacts/w4_ZXfjME7eT96r4TgMuA 13-05-2023_02:26:11
PUT /api/contacts/w4_ZXfjME7eT96r4TgMuA 13-05-2023_02:26:34
GET /api/contacts 13-05-2023_02:27:05
GET /api/contacts/w4_ZXfjME7eT96r4TgMuA 13-05-2023_02:27:17
POST /api/contacts 13-05-2023_02:28:13
PUT /api/contacts/w4_ZXfjME7eT96r4TgMuA 13-05-2023_02:29:22
PUT /api/contacts/w4_ZXfjME7eT96r4TgMuA 13-05-2023_02:32:51
PUT /api/contacts/w4_ZXfjME7eT96r4TgMuA 13-05-2023_02:34:03
GET /api/contacts/w4_ZXfjME7eT96r4TgMuA 13-05-2023_02:34:43
POST /api/contacts 13-05-2023_02:38:49
PUT /api/contacts/w4_ZXfjME7eT96r4TgMuA 13-05-2023_02:38:57
PUT /api/contacts/w4_ZXfjME7eT96r4TgMuA 13-05-2023_02:39:05
PUT /api/contacts/w4_ZXfjME7eT96r4TgMuA 13-05-2023_02:39:33